11-01-2020 12:21--Logged in to state account!
11-01-2020 12:22--Logged in to state account!

11-01-2020 12:31--Logged in to state account!
11-01-2020 12:32--Logged in to north district account!
11-01-2020 12:33--Logged in to East district account!
11-01-2020 12:34--Logged in to west district account!
11-01-2020 12:34--Logged in to south district account!
11-01-2020 12:39--Logged in to north district account!
11-01-2020 12:39--One student added to Class I in School1-North district!
11-01-2020 12:39--One student added to Class I in School1-North district!
11-01-2020 12:40--One student added to Class I in School1-North district!
11-01-2020 12:40--Logged in to north district account!
11-01-2020 12:43--One student added to Class I in School1-North district!
11-01-2020 12:44--Logged in to north district account!
11-01-2020 12:51--Logged in to north district account!
11-01-2020 12:51--One student added to Class I in School1-North district!
11-01-2020 12:51--One student added to Class I in School1-North district!
11-01-2020 12:52--One student deleted from Class I in School1-North district!
11-01-2020 12:52--One student deleted from Class I in School1-North district!
11-01-2020 12:52--One student deleted from Class I in School1-North district!
11-01-2020 12:52--One student deleted from Class I in School1-North district!
11-01-2020 12:52--One student deleted from Class I in School1-North district!
11-01-2020 12:53--Logged in to north district account!
11-01-2020 12:53--One student deleted from Class I in School1-North district!
11-01-2020 12:54--One student added to Class I in School1-North district!
11-01-2020 12:54--One student added to Class I in School1-North district!
11-01-2020 12:54--One student deleted from Class I in School1-North district!
11-01-2020 12:54--One student deleted from Class I in School1-North district!
11-01-2020 13:0--Logged in to state account!
11-01-2020 13:1--Logged in to state account!
11-01-2020 13:3--Logged in to state account!
11-01-2020 13:14--Logged in to state account!
11-01-2020 13:15--Logged in to north district account!
11-01-2020 13:16--Logged in to state account!
11-01-2020 13:25--Logged in to north district account!
11-01-2020 15:31--Logged in to state account!
11-01-2020 15:32--Logged in to state account!
11-01-2020 15:33--Logged in to north district account!
11-01-2020 17:18--Logged in to state account!
